<?xml version="1.0" encoding="UTF-8"?>
<!-- Generated by org.testng.reporters.JUnitReportReporter -->
<testsuite hostname="mano-PC" name="t1.test1.PrintTest" tests="1" failures="0" timestamp="16 Nov 2015 18:26:52 GMT" time="0.065" errors="0">
  <testcase name="printdata" time="0.065" classname="t1.test1.PrintTest"/>
</testsuite> <!-- t1.test1.PrintTest -->
